2026-03-06 15:42:11 [info]: MongoDB connected: ac-ljzzho5-shard-00-00.9gmfjji.mongodb.net
2026-03-06 15:45:06 [info]: MongoDB connected: ac-ljzzho5-shard-00-00.9gmfjji.mongodb.net
2026-03-06 15:45:06 [info]: 🚀 FinFlow Pro running on port 5000 [undefined]
2026-03-06 15:45:06 [info]: 📋 Health: http://localhost:5000/health
2026-03-06 15:45:29 [info]: SIGINT received. Shutting down...
2026-03-08 21:59:35 [error]: MongooseServerSelectionError: Could not connect to any servers in your MongoDB Atlas cluster. One common reason is that you're trying to access the database from an IP that isn't whitelisted. Make sure your current IP address is on your Atlas cluster's IP whitelist: https://www.mongodb.com/docs/atlas/security-whitelist/
    at _handleConnectionErrors (C:\Users\jolam\Documents\FinFlow Pro\server\node_modules\mongoose\lib\connection.js:1169:11)
    at NativeConnection.openUri (C:\Users\jolam\Documents\FinFlow Pro\server\node_modules\mongoose\lib\connection.js:1100:11)
    at async connectDB (C:\Users\jolam\Documents\FinFlow Pro\server\src\config\database.ts:13:18)
    at async start (C:\Users\jolam\Documents\FinFlow Pro\server\src\server.ts:9:3)
2026-03-08 22:00:19 [error]: MongooseServerSelectionError: Could not connect to any servers in your MongoDB Atlas cluster. One common reason is that you're trying to access the database from an IP that isn't whitelisted. Make sure your current IP address is on your Atlas cluster's IP whitelist: https://www.mongodb.com/docs/atlas/security-whitelist/
    at _handleConnectionErrors (C:\Users\jolam\Documents\FinFlow Pro\server\node_modules\mongoose\lib\connection.js:1169:11)
    at NativeConnection.openUri (C:\Users\jolam\Documents\FinFlow Pro\server\node_modules\mongoose\lib\connection.js:1100:11)
    at runNextTicks (node:internal/process/task_queues:65:5)
    at processTimers (node:internal/timers:546:9)
    at async connectDB (C:\Users\jolam\Documents\FinFlow Pro\server\src\config\database.ts:13:18)
    at async start (C:\Users\jolam\Documents\FinFlow Pro\server\src\server.ts:9:3)
2026-03-08 22:02:37 [error]: MongoServerError: bad auth : Authentication failed.
    at Connection.sendCommand (C:\Users\jolam\Documents\FinFlow Pro\server\node_modules\mongoose\node_modules\mongodb\src\cmap\connection.ts:557:17)
    at processTicksAndRejections (node:internal/process/task_queues:105:5)
    at async Connection.command (C:\Users\jolam\Documents\FinFlow Pro\server\node_modules\mongoose\node_modules\mongodb\src\cmap\connection.ts:627:22)
    at async executeScram (C:\Users\jolam\Documents\FinFlow Pro\server\node_modules\mongoose\node_modules\mongodb\src\cmap\auth\scram.ts:113:20)
    at async ScramSHA256.auth (C:\Users\jolam\Documents\FinFlow Pro\server\node_modules\mongoose\node_modules\mongodb\src\cmap\auth\scram.ts:60:12)
    at async performInitialHandshake (C:\Users\jolam\Documents\FinFlow Pro\server\node_modules\mongoose\node_modules\mongodb\src\cmap\connect.ts:164:7)
    at async connect (C:\Users\jolam\Documents\FinFlow Pro\server\node_modules\mongoose\node_modules\mongodb\src\cmap\connect.ts:43:5)
2026-03-08 22:05:14 [error]: MongoServerError: bad auth : Authentication failed.
    at Connection.sendCommand (C:\Users\jolam\Documents\FinFlow Pro\server\node_modules\mongoose\node_modules\mongodb\src\cmap\connection.ts:557:17)
    at processTicksAndRejections (node:internal/process/task_queues:105:5)
    at async Connection.command (C:\Users\jolam\Documents\FinFlow Pro\server\node_modules\mongoose\node_modules\mongodb\src\cmap\connection.ts:627:22)
    at async executeScram (C:\Users\jolam\Documents\FinFlow Pro\server\node_modules\mongoose\node_modules\mongodb\src\cmap\auth\scram.ts:113:20)
    at async ScramSHA256.auth (C:\Users\jolam\Documents\FinFlow Pro\server\node_modules\mongoose\node_modules\mongodb\src\cmap\auth\scram.ts:60:12)
    at async performInitialHandshake (C:\Users\jolam\Documents\FinFlow Pro\server\node_modules\mongoose\node_modules\mongodb\src\cmap\connect.ts:164:7)
    at async connect (C:\Users\jolam\Documents\FinFlow Pro\server\node_modules\mongoose\node_modules\mongodb\src\cmap\connect.ts:43:5)
2026-03-08 22:14:52 [error]: MongoServerError: bad auth : Authentication failed.
    at Connection.sendCommand (C:\Users\jolam\Documents\FinFlow Pro\server\node_modules\mongoose\node_modules\mongodb\src\cmap\connection.ts:557:17)
    at processTicksAndRejections (node:internal/process/task_queues:105:5)
    at async Connection.command (C:\Users\jolam\Documents\FinFlow Pro\server\node_modules\mongoose\node_modules\mongodb\src\cmap\connection.ts:627:22)
    at async executeScram (C:\Users\jolam\Documents\FinFlow Pro\server\node_modules\mongoose\node_modules\mongodb\src\cmap\auth\scram.ts:113:20)
    at async ScramSHA256.auth (C:\Users\jolam\Documents\FinFlow Pro\server\node_modules\mongoose\node_modules\mongodb\src\cmap\auth\scram.ts:60:12)
    at async performInitialHandshake (C:\Users\jolam\Documents\FinFlow Pro\server\node_modules\mongoose\node_modules\mongodb\src\cmap\connect.ts:164:7)
    at async connect (C:\Users\jolam\Documents\FinFlow Pro\server\node_modules\mongoose\node_modules\mongodb\src\cmap\connect.ts:43:5)
2026-03-08 22:19:57 [error]: MongoServerError: bad auth : Authentication failed.
    at Connection.sendCommand (C:\Users\jolam\Documents\FinFlow Pro\server\node_modules\mongoose\node_modules\mongodb\src\cmap\connection.ts:557:17)
    at processTicksAndRejections (node:internal/process/task_queues:105:5)
    at async Connection.command (C:\Users\jolam\Documents\FinFlow Pro\server\node_modules\mongoose\node_modules\mongodb\src\cmap\connection.ts:627:22)
    at async executeScram (C:\Users\jolam\Documents\FinFlow Pro\server\node_modules\mongoose\node_modules\mongodb\src\cmap\auth\scram.ts:113:20)
    at async ScramSHA256.auth (C:\Users\jolam\Documents\FinFlow Pro\server\node_modules\mongoose\node_modules\mongodb\src\cmap\auth\scram.ts:60:12)
    at async performInitialHandshake (C:\Users\jolam\Documents\FinFlow Pro\server\node_modules\mongoose\node_modules\mongodb\src\cmap\connect.ts:164:7)
    at async connect (C:\Users\jolam\Documents\FinFlow Pro\server\node_modules\mongoose\node_modules\mongodb\src\cmap\connect.ts:43:5)
2026-03-08 22:22:17 [error]: MongoServerError: bad auth : Authentication failed.
    at Connection.sendCommand (C:\Users\jolam\Documents\FinFlow Pro\server\node_modules\mongoose\node_modules\mongodb\src\cmap\connection.ts:557:17)
    at processTicksAndRejections (node:internal/process/task_queues:105:5)
    at async Connection.command (C:\Users\jolam\Documents\FinFlow Pro\server\node_modules\mongoose\node_modules\mongodb\src\cmap\connection.ts:627:22)
    at async executeScram (C:\Users\jolam\Documents\FinFlow Pro\server\node_modules\mongoose\node_modules\mongodb\src\cmap\auth\scram.ts:113:20)
    at async ScramSHA256.auth (C:\Users\jolam\Documents\FinFlow Pro\server\node_modules\mongoose\node_modules\mongodb\src\cmap\auth\scram.ts:60:12)
    at async performInitialHandshake (C:\Users\jolam\Documents\FinFlow Pro\server\node_modules\mongoose\node_modules\mongodb\src\cmap\connect.ts:164:7)
    at async connect (C:\Users\jolam\Documents\FinFlow Pro\server\node_modules\mongoose\node_modules\mongodb\src\cmap\connect.ts:43:5)
2026-03-10 09:59:45 [error]: MongooseServerSelectionError: Could not connect to any servers in your MongoDB Atlas cluster. One common reason is that you're trying to access the database from an IP that isn't whitelisted. Make sure your current IP address is on your Atlas cluster's IP whitelist: https://www.mongodb.com/docs/atlas/security-whitelist/
    at _handleConnectionErrors (C:\Users\jolam\Documents\FinFlow Pro\server\node_modules\mongoose\lib\connection.js:1169:11)
    at NativeConnection.openUri (C:\Users\jolam\Documents\FinFlow Pro\server\node_modules\mongoose\lib\connection.js:1100:11)
    at async connectDB (C:\Users\jolam\Documents\FinFlow Pro\server\src\config\database.ts:13:18)
    at async start (C:\Users\jolam\Documents\FinFlow Pro\server\src\server.ts:9:3)
2026-03-10 10:03:47 [error]: MongooseServerSelectionError: Could not connect to any servers in your MongoDB Atlas cluster. One common reason is that you're trying to access the database from an IP that isn't whitelisted. Make sure your current IP address is on your Atlas cluster's IP whitelist: https://www.mongodb.com/docs/atlas/security-whitelist/
    at _handleConnectionErrors (C:\Users\jolam\Documents\FinFlow Pro\server\node_modules\mongoose\lib\connection.js:1169:11)
    at NativeConnection.openUri (C:\Users\jolam\Documents\FinFlow Pro\server\node_modules\mongoose\lib\connection.js:1100:11)
    at async connectDB (C:\Users\jolam\Documents\FinFlow Pro\server\src\config\database.ts:13:18)
    at async start (C:\Users\jolam\Documents\FinFlow Pro\server\src\server.ts:9:3)
2026-03-10 10:04:34 [error]: MongooseServerSelectionError: Could not connect to any servers in your MongoDB Atlas cluster. One common reason is that you're trying to access the database from an IP that isn't whitelisted. Make sure your current IP address is on your Atlas cluster's IP whitelist: https://www.mongodb.com/docs/atlas/security-whitelist/
    at _handleConnectionErrors (C:\Users\jolam\Documents\FinFlow Pro\server\node_modules\mongoose\lib\connection.js:1169:11)
    at NativeConnection.openUri (C:\Users\jolam\Documents\FinFlow Pro\server\node_modules\mongoose\lib\connection.js:1100:11)
    at async connectDB (C:\Users\jolam\Documents\FinFlow Pro\server\src\config\database.ts:13:18)
    at async start (C:\Users\jolam\Documents\FinFlow Pro\server\src\server.ts:9:3)
2026-03-10 10:05:48 [error]: MongooseServerSelectionError: Could not connect to any servers in your MongoDB Atlas cluster. One common reason is that you're trying to access the database from an IP that isn't whitelisted. Make sure your current IP address is on your Atlas cluster's IP whitelist: https://www.mongodb.com/docs/atlas/security-whitelist/
    at _handleConnectionErrors (C:\Users\jolam\Documents\FinFlow Pro\server\node_modules\mongoose\lib\connection.js:1169:11)
    at NativeConnection.openUri (C:\Users\jolam\Documents\FinFlow Pro\server\node_modules\mongoose\lib\connection.js:1100:11)
    at async connectDB (C:\Users\jolam\Documents\FinFlow Pro\server\src\config\database.ts:13:18)
    at async start (C:\Users\jolam\Documents\FinFlow Pro\server\src\server.ts:9:3)
2026-03-10 10:09:26 [error]: MongooseServerSelectionError: Could not connect to any servers in your MongoDB Atlas cluster. One common reason is that you're trying to access the database from an IP that isn't whitelisted. Make sure your current IP address is on your Atlas cluster's IP whitelist: https://www.mongodb.com/docs/atlas/security-whitelist/
    at _handleConnectionErrors (C:\Users\jolam\Documents\FinFlow Pro\server\node_modules\mongoose\lib\connection.js:1169:11)
    at NativeConnection.openUri (C:\Users\jolam\Documents\FinFlow Pro\server\node_modules\mongoose\lib\connection.js:1100:11)
    at async connectDB (C:\Users\jolam\Documents\FinFlow Pro\server\src\config\database.ts:13:18)
    at async start (C:\Users\jolam\Documents\FinFlow Pro\server\src\server.ts:9:3)
2026-03-10 10:11:21 [error]: MongooseServerSelectionError: Could not connect to any servers in your MongoDB Atlas cluster. One common reason is that you're trying to access the database from an IP that isn't whitelisted. Make sure your current IP address is on your Atlas cluster's IP whitelist: https://www.mongodb.com/docs/atlas/security-whitelist/
    at _handleConnectionErrors (C:\Users\jolam\Documents\FinFlow Pro\server\node_modules\mongoose\lib\connection.js:1169:11)
    at NativeConnection.openUri (C:\Users\jolam\Documents\FinFlow Pro\server\node_modules\mongoose\lib\connection.js:1100:11)
    at async connectDB (C:\Users\jolam\Documents\FinFlow Pro\server\src\config\database.ts:13:18)
    at async start (C:\Users\jolam\Documents\FinFlow Pro\server\src\server.ts:9:3)
2026-03-10 10:14:42 [error]: MongooseServerSelectionError: Could not connect to any servers in your MongoDB Atlas cluster. One common reason is that you're trying to access the database from an IP that isn't whitelisted. Make sure your current IP address is on your Atlas cluster's IP whitelist: https://www.mongodb.com/docs/atlas/security-whitelist/
    at _handleConnectionErrors (C:\Users\jolam\Documents\FinFlow Pro\server\node_modules\mongoose\lib\connection.js:1169:11)
    at NativeConnection.openUri (C:\Users\jolam\Documents\FinFlow Pro\server\node_modules\mongoose\lib\connection.js:1100:11)
    at async connectDB (C:\Users\jolam\Documents\FinFlow Pro\server\src\config\database.ts:13:18)
    at async start (C:\Users\jolam\Documents\FinFlow Pro\server\src\server.ts:9:3)
2026-03-10 10:16:54 [error]: MongooseServerSelectionError: Could not connect to any servers in your MongoDB Atlas cluster. One common reason is that you're trying to access the database from an IP that isn't whitelisted. Make sure your current IP address is on your Atlas cluster's IP whitelist: https://www.mongodb.com/docs/atlas/security-whitelist/
    at _handleConnectionErrors (C:\Users\jolam\Documents\FinFlow Pro\server\node_modules\mongoose\lib\connection.js:1169:11)
    at NativeConnection.openUri (C:\Users\jolam\Documents\FinFlow Pro\server\node_modules\mongoose\lib\connection.js:1100:11)
    at async connectDB (C:\Users\jolam\Documents\FinFlow Pro\server\src\config\database.ts:13:18)
    at async start (C:\Users\jolam\Documents\FinFlow Pro\server\src\server.ts:9:3)
2026-03-10 10:17:31 [error]: MongooseServerSelectionError: Could not connect to any servers in your MongoDB Atlas cluster. One common reason is that you're trying to access the database from an IP that isn't whitelisted. Make sure your current IP address is on your Atlas cluster's IP whitelist: https://www.mongodb.com/docs/atlas/security-whitelist/
    at _handleConnectionErrors (C:\Users\jolam\Documents\FinFlow Pro\server\node_modules\mongoose\lib\connection.js:1169:11)
    at NativeConnection.openUri (C:\Users\jolam\Documents\FinFlow Pro\server\node_modules\mongoose\lib\connection.js:1100:11)
    at async connectDB (C:\Users\jolam\Documents\FinFlow Pro\server\src\config\database.ts:13:18)
    at async start (C:\Users\jolam\Documents\FinFlow Pro\server\src\server.ts:9:3)
2026-03-10 10:17:51 [error]: MongooseServerSelectionError: Could not connect to any servers in your MongoDB Atlas cluster. One common reason is that you're trying to access the database from an IP that isn't whitelisted. Make sure your current IP address is on your Atlas cluster's IP whitelist: https://www.mongodb.com/docs/atlas/security-whitelist/
    at _handleConnectionErrors (C:\Users\jolam\Documents\FinFlow Pro\server\node_modules\mongoose\lib\connection.js:1169:11)
    at NativeConnection.openUri (C:\Users\jolam\Documents\FinFlow Pro\server\node_modules\mongoose\lib\connection.js:1100:11)
    at async connectDB (C:\Users\jolam\Documents\FinFlow Pro\server\src\config\database.ts:14:18)
    at async start (C:\Users\jolam\Documents\FinFlow Pro\server\src\server.ts:9:3)
2026-03-10 10:21:00 [info]: MongoDB connected: ac-evf0hnm-shard-00-00.yf4804r.mongodb.net
2026-03-10 10:21:00 [info]: 🚀 FinFlow Pro running on port 5000 [undefined]
2026-03-10 10:21:00 [info]: 📋 Health: http://localhost:5000/health
2026-03-12 21:20:17 [error]: Error: querySrv ECONNREFUSED _mongodb._tcp.dataclusterx32.yf4804r.mongodb.net
    at QueryReqWrap.onresolve [as oncomplete] (node:internal/dns/promises:293:17)
